{"D:\\Users\\herisson\\documents\\Study\\Computer Engineering\\Programming Methods\\mp\\LocalizaUNB\\server\\index.js": {"path":"D:\\Users\\herisson\\documents\\Study\\Computer Engineering\\Programming Methods\\mp\\LocalizaUNB\\server\\index.js","statementMap":{"0":{"start":{"line":13,"column":17},"end":{"line":15,"column":1}},"1":{"start":{"line":16,"column":18},"end":{"line":16,"column":35}},"2":{"start":{"line":18,"column":12},"end":{"line":18,"column":21}},"3":{"start":{"line":20,"column":0},"end":{"line":25,"column":3}},"4":{"start":{"line":21,"column":2},"end":{"line":21,"column":72}},"5":{"start":{"line":22,"column":2},"end":{"line":22,"column":64}},"6":{"start":{"line":23,"column":2},"end":{"line":23,"column":46}},"7":{"start":{"line":24,"column":2},"end":{"line":24,"column":9}},"8":{"start":{"line":28,"column":0},"end":{"line":28,"column":66}},"9":{"start":{"line":30,"column":0},"end":{"line":30,"column":24}},"10":{"start":{"line":31,"column":0},"end":{"line":31,"column":67}},"11":{"start":{"line":32,"column":0},"end":{"line":32,"column":19}},"12":{"start":{"line":33,"column":0},"end":{"line":33,"column":20}},"13":{"start":{"line":35,"column":0},"end":{"line":35,"column":22}},"14":{"start":{"line":36,"column":0},"end":{"line":36,"column":23}},"15":{"start":{"line":37,"column":0},"end":{"line":37,"column":15}}},"fnMap":{"0":{"name":"(anonymous_0)","decl":{"start":{"line":20,"column":8},"end":{"line":20,"column":9}},"loc":{"start":{"line":20,"column":26},"end":{"line":25,"column":1}},"line":20}},"branchMap":{},"s":{"0":2,"1":2,"2":2,"3":2,"4":6,"5":6,"6":6,"7":6,"8":2,"9":2,"10":2,"11":2,"12":2,"13":2,"14":2,"15":2},"f":{"0":6},"b":{},"_coverageSchema":"1a1c01bbd47fc00a2c39e90264f33305004495a9","hash":"326bbd7f344de2f8bb34de6abbfd0c84819727f3"}
,"D:\\Users\\herisson\\documents\\Study\\Computer Engineering\\Programming Methods\\mp\\LocalizaUNB\\server\\guards\\jwt.guard.js": {"path":"D:\\Users\\herisson\\documents\\Study\\Computer Engineering\\Programming Methods\\mp\\LocalizaUNB\\server\\guards\\jwt.guard.js","statementMap":{"0":{"start":{"line":12,"column":26},"end":{"line":12,"column":55}},"1":{"start":{"line":13,"column":4},"end":{"line":14,"column":75}},"2":{"start":{"line":14,"column":8},"end":{"line":14,"column":75}},"3":{"start":{"line":15,"column":26},"end":{"line":15,"column":50}},"4":{"start":{"line":16,"column":4},"end":{"line":17,"column":75}},"5":{"start":{"line":17,"column":8},"end":{"line":17,"column":75}},"6":{"start":{"line":18,"column":4},"end":{"line":26,"column":5}},"7":{"start":{"line":19,"column":24},"end":{"line":19,"column":51}},"8":{"start":{"line":20,"column":8},"end":{"line":20,"column":26}},"9":{"start":{"line":21,"column":8},"end":{"line":21,"column":31}},"10":{"start":{"line":22,"column":8},"end":{"line":22,"column":14}},"11":{"start":{"line":25,"column":8},"end":{"line":25,"column":55}}},"fnMap":{"0":{"name":"JwtGuard","decl":{"start":{"line":11,"column":9},"end":{"line":11,"column":17}},"loc":{"start":{"line":11,"column":40},"end":{"line":27,"column":1}},"line":11}},"branchMap":{"0":{"loc":{"start":{"line":13,"column":4},"end":{"line":14,"column":75}},"type":"if","locations":[{"start":{"line":13,"column":4},"end":{"line":14,"column":75}},{"start":{},"end":{}}],"line":13},"1":{"loc":{"start":{"line":16,"column":4},"end":{"line":17,"column":75}},"type":"if","locations":[{"start":{"line":16,"column":4},"end":{"line":17,"column":75}},{"start":{},"end":{}}],"line":16}},"s":{"0":1,"1":1,"2":0,"3":1,"4":1,"5":0,"6":1,"7":1,"8":1,"9":1,"10":1,"11":0},"f":{"0":1},"b":{"0":[0,1],"1":[0,1]},"_coverageSchema":"1a1c01bbd47fc00a2c39e90264f33305004495a9","hash":"56aff19c89a8f2137d09c6e4043b0300cc0983b5"}
,"D:\\Users\\herisson\\documents\\Study\\Computer Engineering\\Programming Methods\\mp\\LocalizaUNB\\server\\home\\home.controll.js": {"path":"D:\\Users\\herisson\\documents\\Study\\Computer Engineering\\Programming Methods\\mp\\LocalizaUNB\\server\\home\\home.controll.js","statementMap":{"0":{"start":{"line":4,"column":14},"end":{"line":4,"column":22}},"1":{"start":{"line":12,"column":0},"end":{"line":12,"column":22}}},"fnMap":{},"branchMap":{},"s":{"0":2,"1":2},"f":{},"b":{},"_coverageSchema":"1a1c01bbd47fc00a2c39e90264f33305004495a9","hash":"f8fada9b180b24c5dc17e0ee5a9fd6c69d5ebc25"}
,"D:\\Users\\herisson\\documents\\Study\\Computer Engineering\\Programming Methods\\mp\\LocalizaUNB\\server\\libs\\prisma.js": {"path":"D:\\Users\\herisson\\documents\\Study\\Computer Engineering\\Programming Methods\\mp\\LocalizaUNB\\server\\libs\\prisma.js","statementMap":{"0":{"start":{"line":3,"column":15},"end":{"line":3,"column":33}}},"fnMap":{},"branchMap":{},"s":{"0":4},"f":{},"b":{},"_coverageSchema":"1a1c01bbd47fc00a2c39e90264f33305004495a9","hash":"c37d3d89716f6be5726f21713b6d8b22e5b55a21"}
,"D:\\Users\\herisson\\documents\\Study\\Computer Engineering\\Programming Methods\\mp\\LocalizaUNB\\server\\loja\\loja.controll.js": {"path":"D:\\Users\\herisson\\documents\\Study\\Computer Engineering\\Programming Methods\\mp\\LocalizaUNB\\server\\loja\\loja.controll.js","statementMap":{"0":{"start":{"line":9,"column":19},"end":{"line":9,"column":27}},"1":{"start":{"line":10,"column":13},"end":{"line":10,"column":23}},"2":{"start":{"line":12,"column":0},"end":{"line":28,"column":3}},"3":{"start":{"line":14,"column":8},"end":{"line":14,"column":20}},"4":{"start":{"line":15,"column":4},"end":{"line":27,"column":5}},"5":{"start":{"line":16,"column":25},"end":{"line":23,"column":9}},"6":{"start":{"line":24,"column":8},"end":{"line":24,"column":44}},"7":{"start":{"line":26,"column":8},"end":{"line":26,"column":55}},"8":{"start":{"line":30,"column":0},"end":{"line":38,"column":3}},"9":{"start":{"line":31,"column":29},"end":{"line":31,"column":41}},"10":{"start":{"line":32,"column":4},"end":{"line":37,"column":5}},"11":{"start":{"line":33,"column":22},"end":{"line":33,"column":57}},"12":{"start":{"line":34,"column":8},"end":{"line":34,"column":41}},"13":{"start":{"line":36,"column":8},"end":{"line":36,"column":71}},"14":{"start":{"line":40,"column":0},"end":{"line":43,"column":3}},"15":{"start":{"line":41,"column":23},"end":{"line":41,"column":49}},"16":{"start":{"line":42,"column":4},"end":{"line":42,"column":42}},"17":{"start":{"line":45,"column":0},"end":{"line":45,"column":61}}},"fnMap":{"0":{"name":"(anonymous_0)","decl":{"start":{"line":12,"column":34},"end":{"line":12,"column":35}},"loc":{"start":{"line":12,"column":63},"end":{"line":28,"column":1}},"line":12},"1":{"name":"(anonymous_1)","decl":{"start":{"line":30,"column":31},"end":{"line":30,"column":32}},"loc":{"start":{"line":30,"column":60},"end":{"line":38,"column":1}},"line":30},"2":{"name":"(anonymous_2)","decl":{"start":{"line":40,"column":25},"end":{"line":40,"column":26}},"loc":{"start":{"line":40,"column":54},"end":{"line":43,"column":1}},"line":40},"3":{"name":"(anonymous_3)","decl":{"start":{"line":45,"column":28},"end":{"line":45,"column":29}},"loc":{"start":{"line":45,"column":57},"end":{"line":45,"column":59}},"line":45}},"branchMap":{},"s":{"0":2,"1":2,"2":2,"3":2,"4":2,"5":2,"6":1,"7":1,"8":2,"9":2,"10":2,"11":2,"12":1,"13":1,"14":2,"15":1,"16":1,"17":2},"f":{"0":2,"1":2,"2":1,"3":0},"b":{},"_coverageSchema":"1a1c01bbd47fc00a2c39e90264f33305004495a9","hash":"93fe1bcaab7ac3677aaaaead9318c5a31da4f610"}
,"D:\\Users\\herisson\\documents\\Study\\Computer Engineering\\Programming Methods\\mp\\LocalizaUNB\\server\\loja\\loja.service.js": {"path":"D:\\Users\\herisson\\documents\\Study\\Computer Engineering\\Programming Methods\\mp\\LocalizaUNB\\server\\loja\\loja.service.js","statementMap":{"0":{"start":{"line":28,"column":17},"end":{"line":28,"column":39}},"1":{"start":{"line":29,"column":4},"end":{"line":29,"column":43}},"2":{"start":{"line":30,"column":4},"end":{"line":44,"column":9}},"3":{"start":{"line":42,"column":8},"end":{"line":42,"column":70}},"4":{"start":{"line":42,"column":31},"end":{"line":42,"column":70}},"5":{"start":{"line":43,"column":8},"end":{"line":43,"column":16}},"6":{"start":{"line":55,"column":17},"end":{"line":55,"column":74}},"7":{"start":{"line":56,"column":4},"end":{"line":56,"column":54}},"8":{"start":{"line":56,"column":15},"end":{"line":56,"column":54}},"9":{"start":{"line":57,"column":4},"end":{"line":58,"column":41}},"10":{"start":{"line":58,"column":6},"end":{"line":58,"column":41}},"11":{"start":{"line":59,"column":18},"end":{"line":59,"column":75}},"12":{"start":{"line":60,"column":4},"end":{"line":60,"column":21}},"13":{"start":{"line":68,"column":4},"end":{"line":68,"column":40}},"14":{"start":{"line":78,"column":4},"end":{"line":95,"column":5}},"15":{"start":{"line":79,"column":19},"end":{"line":91,"column":8}},"16":{"start":{"line":92,"column":6},"end":{"line":92,"column":18}},"17":{"start":{"line":94,"column":6},"end":{"line":94,"column":18}}},"fnMap":{"0":{"name":"(anonymous_0)","decl":{"start":{"line":20,"column":2},"end":{"line":20,"column":3}},"loc":{"start":{"line":27,"column":4},"end":{"line":45,"column":3}},"line":27},"1":{"name":"(anonymous_1)","decl":{"start":{"line":41,"column":13},"end":{"line":41,"column":14}},"loc":{"start":{"line":41,"column":20},"end":{"line":44,"column":7}},"line":41},"2":{"name":"(anonymous_2)","decl":{"start":{"line":54,"column":2},"end":{"line":54,"column":3}},"loc":{"start":{"line":54,"column":33},"end":{"line":61,"column":3}},"line":54},"3":{"name":"(anonymous_3)","decl":{"start":{"line":67,"column":2},"end":{"line":67,"column":3}},"loc":{"start":{"line":67,"column":24},"end":{"line":69,"column":3}},"line":67},"4":{"name":"(anonymous_4)","decl":{"start":{"line":77,"column":2},"end":{"line":77,"column":3}},"loc":{"start":{"line":77,"column":24},"end":{"line":96,"column":3}},"line":77}},"branchMap":{"0":{"loc":{"start":{"line":26,"column":4},"end":{"line":26,"column":17}},"type":"default-arg","locations":[{"start":{"line":26,"column":13},"end":{"line":26,"column":17}}],"line":26},"1":{"loc":{"start":{"line":42,"column":8},"end":{"line":42,"column":70}},"type":"if","locations":[{"start":{"line":42,"column":8},"end":{"line":42,"column":70}},{"start":{},"end":{}}],"line":42},"2":{"loc":{"start":{"line":56,"column":4},"end":{"line":56,"column":54}},"type":"if","locations":[{"start":{"line":56,"column":4},"end":{"line":56,"column":54}},{"start":{},"end":{}}],"line":56},"3":{"loc":{"start":{"line":57,"column":4},"end":{"line":58,"column":41}},"type":"if","locations":[{"start":{"line":57,"column":4},"end":{"line":58,"column":41}},{"start":{},"end":{}}],"line":57}},"s":{"0":6,"1":6,"2":6,"3":1,"4":1,"5":0,"6":6,"7":6,"8":1,"9":5,"10":2,"11":3,"12":3,"13":2,"14":1,"15":1,"16":1,"17":0},"f":{"0":6,"1":1,"2":6,"3":2,"4":1},"b":{"0":[0],"1":[1,0],"2":[1,5],"3":[2,3]},"_coverageSchema":"1a1c01bbd47fc00a2c39e90264f33305004495a9","hash":"9a036aa577e63b8579ceb3c4d320bec76c2c1e49"}
,"D:\\Users\\herisson\\documents\\Study\\Computer Engineering\\Programming Methods\\mp\\LocalizaUNB\\server\\pesquisa\\pesquisa.controll.js": {"path":"D:\\Users\\herisson\\documents\\Study\\Computer Engineering\\Programming Methods\\mp\\LocalizaUNB\\server\\pesquisa\\pesquisa.controll.js","statementMap":{"0":{"start":{"line":9,"column":22},"end":{"line":9,"column":30}},"1":{"start":{"line":10,"column":17},"end":{"line":10,"column":32}},"2":{"start":{"line":12,"column":0},"end":{"line":21,"column":5}},"3":{"start":{"line":13,"column":4},"end":{"line":20,"column":5}},"4":{"start":{"line":14,"column":21},"end":{"line":14,"column":40}},"5":{"start":{"line":15,"column":6},"end":{"line":15,"column":46}},"6":{"start":{"line":16,"column":28},"end":{"line":16,"column":57}},"7":{"start":{"line":17,"column":6},"end":{"line":17,"column":47}},"8":{"start":{"line":19,"column":6},"end":{"line":19,"column":68}}},"fnMap":{"0":{"name":"(anonymous_0)","decl":{"start":{"line":12,"column":31},"end":{"line":12,"column":32}},"loc":{"start":{"line":12,"column":60},"end":{"line":21,"column":3}},"line":12}},"branchMap":{"0":{"loc":{"start":{"line":14,"column":21},"end":{"line":14,"column":40}},"type":"binary-expr","locations":[{"start":{"line":14,"column":21},"end":{"line":14,"column":34}},{"start":{"line":14,"column":38},"end":{"line":14,"column":40}}],"line":14}},"s":{"0":2,"1":2,"2":2,"3":0,"4":0,"5":0,"6":0,"7":0,"8":0},"f":{"0":0},"b":{"0":[0,0]},"_coverageSchema":"1a1c01bbd47fc00a2c39e90264f33305004495a9","hash":"174669f52c3f7b79f143e34ed9b8f674579b067a"}
,"D:\\Users\\herisson\\documents\\Study\\Computer Engineering\\Programming Methods\\mp\\LocalizaUNB\\server\\pesquisa\\pesquisa.service.js": {"path":"D:\\Users\\herisson\\documents\\Study\\Computer Engineering\\Programming Methods\\mp\\LocalizaUNB\\server\\pesquisa\\pesquisa.service.js","statementMap":{"0":{"start":{"line":11,"column":15},"end":{"line":38,"column":1}},"1":{"start":{"line":12,"column":4},"end":{"line":37,"column":5}},"2":{"start":{"line":13,"column":23},"end":{"line":29,"column":10}},"3":{"start":{"line":31,"column":8},"end":{"line":31,"column":22}},"4":{"start":{"line":33,"column":8},"end":{"line":33,"column":54}},"5":{"start":{"line":34,"column":8},"end":{"line":34,"column":20}},"6":{"start":{"line":36,"column":8},"end":{"line":36,"column":35}}},"fnMap":{"0":{"name":"(anonymous_0)","decl":{"start":{"line":11,"column":15},"end":{"line":11,"column":16}},"loc":{"start":{"line":11,"column":33},"end":{"line":38,"column":1}},"line":11}},"branchMap":{},"s":{"0":2,"1":0,"2":0,"3":0,"4":0,"5":0,"6":0},"f":{"0":0},"b":{},"_coverageSchema":"1a1c01bbd47fc00a2c39e90264f33305004495a9","hash":"b7aa54e29ee6800cb7ff18169b6f4eea27d261c5"}
,"D:\\Users\\herisson\\documents\\Study\\Computer Engineering\\Programming Methods\\mp\\LocalizaUNB\\server\\produto\\produto.controll.js": {"path":"D:\\Users\\herisson\\documents\\Study\\Computer Engineering\\Programming Methods\\mp\\LocalizaUNB\\server\\produto\\produto.controll.js","statementMap":{"0":{"start":{"line":10,"column":21},"end":{"line":10,"column":29}},"1":{"start":{"line":12,"column":16},"end":{"line":12,"column":29}},"2":{"start":{"line":14,"column":0},"end":{"line":28,"column":3}},"3":{"start":{"line":15,"column":4},"end":{"line":15,"column":19}},"4":{"start":{"line":16,"column":40},"end":{"line":16,"column":52}},"5":{"start":{"line":17,"column":4},"end":{"line":27,"column":5}},"6":{"start":{"line":18,"column":28},"end":{"line":23,"column":9}},"7":{"start":{"line":24,"column":8},"end":{"line":24,"column":47}},"8":{"start":{"line":26,"column":8},"end":{"line":26,"column":57}},"9":{"start":{"line":30,"column":0},"end":{"line":33,"column":3}},"10":{"start":{"line":31,"column":26},"end":{"line":31,"column":57}},"11":{"start":{"line":32,"column":4},"end":{"line":32,"column":45}},"12":{"start":{"line":35,"column":0},"end":{"line":48,"column":2}},"13":{"start":{"line":39,"column":38},"end":{"line":39,"column":52}},"14":{"start":{"line":41,"column":8},"end":{"line":46,"column":9}},"15":{"start":{"line":42,"column":29},"end":{"line":42,"column":76}},"16":{"start":{"line":43,"column":12},"end":{"line":43,"column":62}},"17":{"start":{"line":45,"column":12},"end":{"line":45,"column":61}}},"fnMap":{"0":{"name":"(anonymous_0)","decl":{"start":{"line":14,"column":40},"end":{"line":14,"column":41}},"loc":{"start":{"line":14,"column":69},"end":{"line":28,"column":1}},"line":14},"1":{"name":"(anonymous_1)","decl":{"start":{"line":30,"column":29},"end":{"line":30,"column":30}},"loc":{"start":{"line":30,"column":58},"end":{"line":33,"column":1}},"line":30},"2":{"name":"(anonymous_2)","decl":{"start":{"line":38,"column":4},"end":{"line":38,"column":5}},"loc":{"start":{"line":38,"column":33},"end":{"line":47,"column":5}},"line":38}},"branchMap":{},"s":{"0":2,"1":2,"2":2,"3":1,"4":1,"5":1,"6":1,"7":1,"8":0,"9":2,"10":0,"11":0,"12":2,"13":0,"14":0,"15":0,"16":0,"17":0},"f":{"0":1,"1":0,"2":0},"b":{},"_coverageSchema":"1a1c01bbd47fc00a2c39e90264f33305004495a9","hash":"994de8a727c3dbc2e31b50c2de23e3021aede40d"}
,"D:\\Users\\herisson\\documents\\Study\\Computer Engineering\\Programming Methods\\mp\\LocalizaUNB\\server\\produto\\produto.service.js": {"path":"D:\\Users\\herisson\\documents\\Study\\Computer Engineering\\Programming Methods\\mp\\LocalizaUNB\\server\\produto\\produto.service.js","statementMap":{"0":{"start":{"line":16,"column":8},"end":{"line":23,"column":11}},"1":{"start":{"line":27,"column":8},"end":{"line":27,"column":47}},"2":{"start":{"line":31,"column":8},"end":{"line":54,"column":9}},"3":{"start":{"line":32,"column":28},"end":{"line":37,"column":14}},"4":{"start":{"line":39,"column":12},"end":{"line":43,"column":13}},"5":{"start":{"line":40,"column":16},"end":{"line":42,"column":18}},"6":{"start":{"line":44,"column":12},"end":{"line":49,"column":15}},"7":{"start":{"line":51,"column":12},"end":{"line":51,"column":51}},"8":{"start":{"line":53,"column":12},"end":{"line":53,"column":63}},"9":{"start":{"line":62,"column":8},"end":{"line":62,"column":47}}},"fnMap":{"0":{"name":"(anonymous_0)","decl":{"start":{"line":15,"column":4},"end":{"line":15,"column":5}},"loc":{"start":{"line":15,"column":56},"end":{"line":24,"column":5}},"line":15},"1":{"name":"(anonymous_1)","decl":{"start":{"line":26,"column":4},"end":{"line":26,"column":5}},"loc":{"start":{"line":26,"column":28},"end":{"line":28,"column":5}},"line":26},"2":{"name":"(anonymous_2)","decl":{"start":{"line":30,"column":4},"end":{"line":30,"column":5}},"loc":{"start":{"line":30,"column":44},"end":{"line":55,"column":5}},"line":30},"3":{"name":"(anonymous_3)","decl":{"start":{"line":61,"column":4},"end":{"line":61,"column":5}},"loc":{"start":{"line":61,"column":28},"end":{"line":63,"column":5}},"line":61}},"branchMap":{"0":{"loc":{"start":{"line":39,"column":12},"end":{"line":43,"column":13}},"type":"if","locations":[{"start":{"line":39,"column":12},"end":{"line":43,"column":13}},{"start":{},"end":{}}],"line":39}},"s":{"0":2,"1":0,"2":2,"3":2,"4":2,"5":1,"6":1,"7":1,"8":1,"9":1},"f":{"0":2,"1":0,"2":2,"3":1},"b":{"0":[1,1]},"_coverageSchema":"1a1c01bbd47fc00a2c39e90264f33305004495a9","hash":"507a70063c2711ea1d2b77cffb6db9c976b68603"}
,"D:\\Users\\herisson\\documents\\Study\\Computer Engineering\\Programming Methods\\mp\\LocalizaUNB\\server\\tests\\utils\\TestUtils.js": {"path":"D:\\Users\\herisson\\documents\\Study\\Computer Engineering\\Programming Methods\\mp\\LocalizaUNB\\server\\tests\\utils\\TestUtils.js","statementMap":{"0":{"start":{"line":4,"column":4},"end":{"line":14,"column":6}},"1":{"start":{"line":18,"column":4},"end":{"line":26,"column":6}},"2":{"start":{"line":30,"column":4},"end":{"line":38,"column":6}},"3":{"start":{"line":41,"column":25},"end":{"line":41,"column":66}}},"fnMap":{"0":{"name":"gerarLoja","decl":{"start":{"line":3,"column":9},"end":{"line":3,"column":18}},"loc":{"start":{"line":3,"column":21},"end":{"line":15,"column":1}},"line":3},"1":{"name":"gerarProduto","decl":{"start":{"line":17,"column":9},"end":{"line":17,"column":21}},"loc":{"start":{"line":17,"column":30},"end":{"line":27,"column":1}},"line":17},"2":{"name":"gerarUsuario","decl":{"start":{"line":29,"column":9},"end":{"line":29,"column":21}},"loc":{"start":{"line":29,"column":39},"end":{"line":39,"column":1}},"line":29}},"branchMap":{},"s":{"0":5,"1":3,"2":2,"3":5},"f":{"0":5,"1":3,"2":2},"b":{},"_coverageSchema":"1a1c01bbd47fc00a2c39e90264f33305004495a9","hash":"389a404f678983d110ac9bf50c640c4cba653c88"}
,"D:\\Users\\herisson\\documents\\Study\\Computer Engineering\\Programming Methods\\mp\\LocalizaUNB\\server\\user\\user.controll.js": {"path":"D:\\Users\\herisson\\documents\\Study\\Computer Engineering\\Programming Methods\\mp\\LocalizaUNB\\server\\user\\user.controll.js","statementMap":{"0":{"start":{"line":8,"column":18},"end":{"line":8,"column":26}},"1":{"start":{"line":10,"column":13},"end":{"line":10,"column":23}},"2":{"start":{"line":12,"column":0},"end":{"line":28,"column":2}},"3":{"start":{"line":13,"column":30},"end":{"line":13,"column":42}},"4":{"start":{"line":14,"column":4},"end":{"line":27,"column":5}},"5":{"start":{"line":23,"column":26},"end":{"line":23,"column":67}},"6":{"start":{"line":24,"column":8},"end":{"line":24,"column":44}},"7":{"start":{"line":26,"column":8},"end":{"line":26,"column":53}},"8":{"start":{"line":30,"column":0},"end":{"line":36,"column":2}},"9":{"start":{"line":31,"column":25},"end":{"line":31,"column":37}},"10":{"start":{"line":32,"column":4},"end":{"line":35,"column":62}},"11":{"start":{"line":33,"column":22},"end":{"line":33,"column":52}},"12":{"start":{"line":34,"column":8},"end":{"line":34,"column":40}},"13":{"start":{"line":35,"column":14},"end":{"line":35,"column":61}}},"fnMap":{"0":{"name":"(anonymous_0)","decl":{"start":{"line":12,"column":29},"end":{"line":12,"column":30}},"loc":{"start":{"line":12,"column":56},"end":{"line":28,"column":1}},"line":12},"1":{"name":"(anonymous_1)","decl":{"start":{"line":30,"column":26},"end":{"line":30,"column":27}},"loc":{"start":{"line":30,"column":55},"end":{"line":36,"column":1}},"line":30}},"branchMap":{},"s":{"0":2,"1":2,"2":2,"3":0,"4":0,"5":0,"6":0,"7":0,"8":2,"9":0,"10":0,"11":0,"12":0,"13":0},"f":{"0":0,"1":0},"b":{},"_coverageSchema":"1a1c01bbd47fc00a2c39e90264f33305004495a9","hash":"0d8cfdfe9be85d648a976c2182d56681d612917f"}
,"D:\\Users\\herisson\\documents\\Study\\Computer Engineering\\Programming Methods\\mp\\LocalizaUNB\\server\\user\\user.service.js": {"path":"D:\\Users\\herisson\\documents\\Study\\Computer Engineering\\Programming Methods\\mp\\LocalizaUNB\\server\\user\\user.service.js","statementMap":{"0":{"start":{"line":18,"column":21},"end":{"line":18,"column":43}},"1":{"start":{"line":19,"column":8},"end":{"line":19,"column":47}},"2":{"start":{"line":20,"column":8},"end":{"line":31,"column":15}},"3":{"start":{"line":29,"column":16},"end":{"line":29,"column":78}},"4":{"start":{"line":29,"column":39},"end":{"line":29,"column":78}},"5":{"start":{"line":30,"column":16},"end":{"line":30,"column":24}},"6":{"start":{"line":42,"column":21},"end":{"line":42,"column":74}},"7":{"start":{"line":43,"column":8},"end":{"line":43,"column":61}},"8":{"start":{"line":43,"column":19},"end":{"line":43,"column":61}},"9":{"start":{"line":44,"column":8},"end":{"line":45,"column":47}},"10":{"start":{"line":45,"column":12},"end":{"line":45,"column":47}},"11":{"start":{"line":46,"column":22},"end":{"line":46,"column":79}},"12":{"start":{"line":47,"column":8},"end":{"line":47,"column":25}}},"fnMap":{"0":{"name":"(anonymous_0)","decl":{"start":{"line":17,"column":4},"end":{"line":17,"column":5}},"loc":{"start":{"line":17,"column":43},"end":{"line":32,"column":5}},"line":17},"1":{"name":"(anonymous_1)","decl":{"start":{"line":28,"column":19},"end":{"line":28,"column":20}},"loc":{"start":{"line":28,"column":26},"end":{"line":31,"column":13}},"line":28},"2":{"name":"(anonymous_2)","decl":{"start":{"line":41,"column":4},"end":{"line":41,"column":5}},"loc":{"start":{"line":41,"column":31},"end":{"line":48,"column":5}},"line":41}},"branchMap":{"0":{"loc":{"start":{"line":29,"column":16},"end":{"line":29,"column":78}},"type":"if","locations":[{"start":{"line":29,"column":16},"end":{"line":29,"column":78}},{"start":{},"end":{}}],"line":29},"1":{"loc":{"start":{"line":43,"column":8},"end":{"line":43,"column":61}},"type":"if","locations":[{"start":{"line":43,"column":8},"end":{"line":43,"column":61}},{"start":{},"end":{}}],"line":43},"2":{"loc":{"start":{"line":44,"column":8},"end":{"line":45,"column":47}},"type":"if","locations":[{"start":{"line":44,"column":8},"end":{"line":45,"column":47}},{"start":{},"end":{}}],"line":44}},"s":{"0":0,"1":0,"2":0,"3":0,"4":0,"5":0,"6":0,"7":0,"8":0,"9":0,"10":0,"11":0,"12":0},"f":{"0":0,"1":0,"2":0},"b":{"0":[0,0],"1":[0,0],"2":[0,0]},"_coverageSchema":"1a1c01bbd47fc00a2c39e90264f33305004495a9","hash":"903914cbf7115d410aa6f25b2543fa667ba7720d"}
}
