TN:
SF:index.js
FN:20,(anonymous_0)
FNF:1
FNH:1
FNDA:6,(anonymous_0)
DA:13,2
DA:16,2
DA:18,2
DA:20,2
DA:21,6
DA:22,6
DA:23,6
DA:24,6
DA:28,2
DA:30,2
DA:31,2
DA:32,2
DA:33,2
DA:35,2
DA:36,2
DA:37,2
LF:16
LH:16
BRF:0
BRH:0
end_of_record
TN:
SF:guards\jwt.guard.js
FN:11,JwtGuard
FNF:1
FNH:1
FNDA:1,JwtGuard
DA:12,1
DA:13,1
DA:14,0
DA:15,1
DA:16,1
DA:17,0
DA:18,1
DA:19,1
DA:20,1
DA:21,1
DA:22,1
DA:25,0
LF:12
LH:9
BRDA:13,0,0,0
BRDA:13,0,1,1
BRDA:16,1,0,0
BRDA:16,1,1,1
BRF:4
BRH:2
end_of_record
TN:
SF:home\home.controll.js
FNF:0
FNH:0
DA:4,2
DA:12,2
LF:2
LH:2
BRF:0
BRH:0
end_of_record
TN:
SF:libs\prisma.js
FNF:0
FNH:0
DA:3,4
LF:1
LH:1
BRF:0
BRH:0
end_of_record
TN:
SF:loja\loja.controll.js
FN:12,(anonymous_0)
FN:30,(anonymous_1)
FN:40,(anonymous_2)
FN:45,(anonymous_3)
FNF:4
FNH:3
FNDA:2,(anonymous_0)
FNDA:2,(anonymous_1)
FNDA:1,(anonymous_2)
FNDA:0,(anonymous_3)
DA:9,2
DA:10,2
DA:12,2
DA:14,2
DA:15,2
DA:16,2
DA:24,1
DA:26,1
DA:30,2
DA:31,2
DA:32,2
DA:33,2
DA:34,1
DA:36,1
DA:40,2
DA:41,1
DA:42,1
DA:45,2
LF:18
LH:18
BRF:0
BRH:0
end_of_record
TN:
SF:loja\loja.service.js
FN:20,(anonymous_0)
FN:41,(anonymous_1)
FN:54,(anonymous_2)
FN:67,(anonymous_3)
FN:77,(anonymous_4)
FNF:5
FNH:5
FNDA:6,(anonymous_0)
FNDA:1,(anonymous_1)
FNDA:6,(anonymous_2)
FNDA:2,(anonymous_3)
FNDA:1,(anonymous_4)
DA:28,6
DA:29,6
DA:30,6
DA:42,1
DA:43,0
DA:55,6
DA:56,6
DA:57,5
DA:58,2
DA:59,3
DA:60,3
DA:68,2
DA:78,1
DA:79,1
DA:92,1
DA:94,0
LF:16
LH:14
BRDA:26,0,0,0
BRDA:42,1,0,1
BRDA:42,1,1,0
BRDA:56,2,0,1
BRDA:56,2,1,5
BRDA:57,3,0,2
BRDA:57,3,1,3
BRF:7
BRH:5
end_of_record
TN:
SF:pesquisa\pesquisa.controll.js
FN:12,(anonymous_0)
FNF:1
FNH:0
FNDA:0,(anonymous_0)
DA:9,2
DA:10,2
DA:12,2
DA:13,0
DA:14,0
DA:15,0
DA:16,0
DA:17,0
DA:19,0
LF:9
LH:3
BRDA:14,0,0,0
BRDA:14,0,1,0
BRF:2
BRH:0
end_of_record
TN:
SF:pesquisa\pesquisa.service.js
FN:11,(anonymous_0)
FNF:1
FNH:0
FNDA:0,(anonymous_0)
DA:11,2
DA:12,0
DA:13,0
DA:31,0
DA:33,0
DA:34,0
DA:36,0
LF:7
LH:1
BRF:0
BRH:0
end_of_record
TN:
SF:produto\produto.controll.js
FN:14,(anonymous_0)
FN:30,(anonymous_1)
FN:38,(anonymous_2)
FNF:3
FNH:1
FNDA:1,(anonymous_0)
FNDA:0,(anonymous_1)
FNDA:0,(anonymous_2)
DA:10,2
DA:12,2
DA:14,2
DA:15,1
DA:16,1
DA:17,1
DA:18,1
DA:24,1
DA:26,0
DA:30,2
DA:31,0
DA:32,0
DA:35,2
DA:39,0
DA:41,0
DA:42,0
DA:43,0
DA:45,0
LF:18
LH:10
BRF:0
BRH:0
end_of_record
TN:
SF:produto\produto.service.js
FN:15,(anonymous_0)
FN:26,(anonymous_1)
FN:30,(anonymous_2)
FN:61,(anonymous_3)
FNF:4
FNH:3
FNDA:2,(anonymous_0)
FNDA:0,(anonymous_1)
FNDA:2,(anonymous_2)
FNDA:1,(anonymous_3)
DA:16,2
DA:27,0
DA:31,2
DA:32,2
DA:39,2
DA:40,1
DA:44,1
DA:51,1
DA:53,1
DA:62,1
LF:10
LH:9
BRDA:39,0,0,1
BRDA:39,0,1,1
BRF:2
BRH:2
end_of_record
TN:
SF:tests\utils\TestUtils.js
FN:3,gerarLoja
FN:17,gerarProduto
FN:29,gerarUsuario
FNF:3
FNH:3
FNDA:5,gerarLoja
FNDA:3,gerarProduto
FNDA:2,gerarUsuario
DA:4,5
DA:18,3
DA:30,2
DA:41,5
LF:4
LH:4
BRF:0
BRH:0
end_of_record
TN:
SF:user\user.controll.js
FN:12,(anonymous_0)
FN:30,(anonymous_1)
FNF:2
FNH:0
FNDA:0,(anonymous_0)
FNDA:0,(anonymous_1)
DA:8,2
DA:10,2
DA:12,2
DA:13,0
DA:14,0
DA:23,0
DA:24,0
DA:26,0
DA:30,2
DA:31,0
DA:32,0
DA:33,0
DA:34,0
DA:35,0
LF:14
LH:4
BRF:0
BRH:0
end_of_record
TN:
SF:user\user.service.js
FN:17,(anonymous_0)
FN:28,(anonymous_1)
FN:41,(anonymous_2)
FNF:3
FNH:0
FNDA:0,(anonymous_0)
FNDA:0,(anonymous_1)
FNDA:0,(anonymous_2)
DA:18,0
DA:19,0
DA:20,0
DA:29,0
DA:30,0
DA:42,0
DA:43,0
DA:44,0
DA:45,0
DA:46,0
DA:47,0
LF:11
LH:0
BRDA:29,0,0,0
BRDA:29,0,1,0
BRDA:43,1,0,0
BRDA:43,1,1,0
BRDA:44,2,0,0
BRDA:44,2,1,0
BRF:6
BRH:0
end_of_record
